<?xml version="1.0" encoding="UTF-8"?>
<!-- Generated by org.testng.reporters.JUnitReportReporter -->
<testsuite hostname="LAPTOP-F45BGB9P" failures="0" tests="2" name="com.qa.learningselenium.TestNGTestTwo" time="0.007" errors="0" timestamp="2022-09-16T13:51:44 BST" skipped="0">
  <testcase classname="com.qa.learningselenium.TestNGTestTwo" name="differentGroupSecondTest" time="0.004"/>
  <system-out/>
  <testcase classname="com.qa.learningselenium.TestNGTestTwo" name="differentGroupFirstTest" time="0.003"/>
  <system-out/>
</testsuite> <!-- com.qa.learningselenium.TestNGTestTwo -->
